============================= test session starts =============================
platform win32 -- Python 3.12.10, pytest-9.0.2, pluggy-1.6.0 -- C:\Users\jimur\AppData\Local\Microsoft\WindowsApps\PythonSoftwareFoundation.Python.3.12_qbz5n2kfra8p0\python.exe
cachedir: .pytest_cache
hypothesis profile 'default'
PyQt6 6.10.2 -- Qt runtime 6.10.2 -- Qt compiled 6.10.0
rootdir: C:\Users\jimur\Projects\Icon_Manager_Module
plugins: anyio-4.12.1, hypothesis-6.151.4, asyncio-1.3.0, cov-7.0.0, mock-3.15.1, qt-4.5.0, xdist-3.8.0
asyncio: mode=Mode.STRICT, debug=False, asyncio_default_fixture_loop_scope=None, asyncio_default_test_loop_scope=function
collecting ... collected 17 items

tests/test_icon_loader.py::TestInit::test_default_base_path PASSED       [  5%]
tests/test_icon_loader.py::TestInit::test_custom_base_path PASSED        [ 11%]
tests/test_icon_loader.py::TestLoad::test_existing_file PASSED           [ 17%]
tests/test_icon_loader.py::TestLoad::test_missing_file_returns_null PASSED [ 23%]
tests/test_icon_loader.py::TestLoad::test_qt_resource_path_no_existence_check PASSED [ 29%]
tests/test_icon_loader.py::TestLoad::test_returns_qicon_type PASSED      [ 35%]
tests/test_icon_loader.py::TestAppIcon::test_returns_qicon PASSED        [ 41%]
tests/test_icon_loader.py::TestAppIcon::test_fallback_to_multi_res_pngs PASSED [ 47%]
tests/test_icon_loader.py::TestAppIcon::test_empty_dir_returns_null_with_warning PASSED [ 52%]
tests/test_icon_loader.py::TestAppIcon::test_app_png_fallback PASSED     [ 58%]
tests/test_icon_loader.py::TestTheme::test_returns_qicon PASSED          [ 64%]
tests/test_icon_loader.py::TestTheme::test_fallback_used_for_unknown_theme PASSED [ 70%]
tests/test_icon_loader.py::TestEnsureValid::test_null_icon_prints_warning PASSED [ 76%]
tests/test_icon_loader.py::TestEnsureValid::test_valid_icon_no_warning PASSED [ 82%]
tests/test_icon_loader.py::TestEnsureValid::test_returns_same_icon PASSED [ 88%]
tests/test_icon_loader.py::TestModuleInstance::test_icons_is_icon_loader PASSED [ 94%]
tests/test_icon_loader.py::TestModuleInstance::test_icons_default_path PASSED [100%]

============================= 17 passed in 0.40s ==============================
